{"L":"INFO","timestamp":"2025-07-05T19:11:39.672+0800","C":"repository/category_repository.go:68","M":"data created : ","insert":"id : 3"}
{"L":"INFO","timestamp":"2025-07-05T21:07:36.387+0800","C":"repository/category_repository.go:68","M":"category created : ","insert":"id : 1"}
{"L":"INFO","timestamp":"2025-07-05T21:08:30.621+0800","C":"repository/category_repository.go:68","M":"category created : ","insert":"id : 2"}
{"L":"INFO","timestamp":"2025-07-05T21:09:04.252+0800","C":"repository/category_repository.go:68","M":"category created : ","insert":"id : 3"}
{"L":"INFO","timestamp":"2025-07-05T21:09:57.645+0800","C":"repository/category_repository.go:68","M":"category created : ","insert":"id : 4"}
{"L":"INFO","timestamp":"2025-07-05T21:11:05.439+0800","C":"repository/category_repository.go:76","M":"category updated : ","update":"id : 4"}
{"L":"INFO","timestamp":"2025-07-05T21:11:44.947+0800","C":"repository/category_repository.go:76","M":"category updated : ","update":"id : 4"}
{"L":"INFO","timestamp":"2025-07-05T21:15:04.309+0800","C":"repository/rack_repository.go:68","M":"rack created : ","insert":"id : 1"}
{"L":"INFO","timestamp":"2025-07-05T21:15:51.770+0800","C":"repository/rack_repository.go:68","M":"rack created : ","insert":"id : 2"}
{"L":"INFO","timestamp":"2025-07-05T21:16:38.564+0800","C":"repository/rack_repository.go:76","M":"rack updated : ","update":"id : 2"}
{"L":"INFO","timestamp":"2025-07-05T21:16:59.116+0800","C":"repository/rack_repository.go:76","M":"rack updated : ","update":"id : 2"}
{"L":"INFO","timestamp":"2025-07-05T21:17:44.312+0800","C":"repository/category_repository.go:68","M":"category created : ","insert":"id : 5"}
{"L":"INFO","timestamp":"2025-07-05T21:18:39.648+0800","C":"repository/category_repository.go:82","M":"category deleted : ","delete":"id : 5"}
{"L":"INFO","timestamp":"2025-07-05T21:20:58.642+0800","C":"repository/rack_repository.go:68","M":"rack created : ","insert":"id : 3"}
{"L":"INFO","timestamp":"2025-07-05T21:21:59.122+0800","C":"repository/rack_repository.go:82","M":"rack deleted : ","delete":"id : 3"}
{"L":"INFO","timestamp":"2025-07-05T21:25:10.585+0800","C":"repository/warehouse_repository.go:68","M":"warehouse created : ","insert":"id : 1"}
{"L":"INFO","timestamp":"2025-07-05T21:25:54.742+0800","C":"repository/warehouse_repository.go:68","M":"warehouse created : ","insert":"id : 2"}
{"L":"INFO","timestamp":"2025-07-05T21:26:51.229+0800","C":"repository/warehouse_repository.go:76","M":"warehouse updated : ","update":"id : 2"}
{"L":"INFO","timestamp":"2025-07-05T21:26:56.440+0800","C":"repository/warehouse_repository.go:76","M":"warehouse updated : ","update":"id : 2"}
{"L":"INFO","timestamp":"2025-07-05T21:27:38.281+0800","C":"repository/warehouse_repository.go:68","M":"warehouse created : ","insert":"id : 3"}
{"L":"INFO","timestamp":"2025-07-05T21:28:56.268+0800","C":"repository/warehouse_repository.go:82","M":"warehouse deleted : ","delete":"id : 3"}
{"L":"INFO","timestamp":"2025-07-05T21:42:05.484+0800","C":"repository/product_repository.go:68","M":"product created : ","insert":"id : 1"}
{"L":"INFO","timestamp":"2025-07-05T21:43:43.909+0800","C":"repository/product_repository.go:68","M":"product created : ","insert":"id : 2"}
{"L":"INFO","timestamp":"2025-07-05T21:45:26.582+0800","C":"repository/product_repository.go:68","M":"product created : ","insert":"id : 3"}
{"L":"INFO","timestamp":"2025-07-05T21:46:50.501+0800","C":"repository/product_repository.go:68","M":"product created : ","insert":"id : 4"}
{"L":"INFO","timestamp":"2025-07-05T21:48:30.154+0800","C":"repository/product_repository.go:68","M":"product created : ","insert":"id : 5"}
{"L":"INFO","timestamp":"2025-07-05T21:49:58.953+0800","C":"repository/product_repository.go:68","M":"product created : ","insert":"id : 6"}
{"L":"INFO","timestamp":"2025-07-05T21:51:49.943+0800","C":"repository/product_repository.go:68","M":"product created : ","insert":"id : 7"}
{"L":"INFO","timestamp":"2025-07-05T21:54:46.223+0800","C":"repository/product_repository.go:68","M":"product created : ","insert":"id : 8"}
{"L":"INFO","timestamp":"2025-07-05T21:56:53.121+0800","C":"repository/product_repository.go:76","M":"product updated : ","update":"id : 8"}
{"L":"INFO","timestamp":"2025-07-05T21:58:30.963+0800","C":"repository/product_repository.go:82","M":"product deleted : ","delete":"id : 8"}
{"L":"INFO","timestamp":"2025-07-05T22:00:20.346+0800","C":"repository/sale_repository.go:67","M":"sale created : ","insert":"id : 1"}
{"L":"INFO","timestamp":"2025-07-05T22:00:32.394+0800","C":"repository/sale_repository.go:67","M":"sale created : ","insert":"id : 2"}
{"L":"INFO","timestamp":"2025-07-05T22:00:56.017+0800","C":"repository/sale_repository.go:67","M":"sale created : ","insert":"id : 3"}
{"L":"INFO","timestamp":"2025-07-05T22:01:17.483+0800","C":"repository/sale_repository.go:67","M":"sale created : ","insert":"id : 4"}
{"L":"INFO","timestamp":"2025-07-05T22:01:35.263+0800","C":"repository/sale_repository.go:67","M":"sale created : ","insert":"id : 5"}
{"L":"INFO","timestamp":"2025-07-05T22:01:50.027+0800","C":"repository/sale_repository.go:67","M":"sale created : ","insert":"id : 6"}
{"L":"INFO","timestamp":"2025-07-05T22:02:00.666+0800","C":"repository/sale_repository.go:67","M":"sale created : ","insert":"id : 7"}
{"L":"INFO","timestamp":"2025-07-05T22:09:44.533+0800","C":"repository/sale_repository.go:67","M":"sale created : ","insert":"id : 1"}
{"L":"INFO","timestamp":"2025-07-05T22:10:07.014+0800","C":"repository/sale_repository.go:67","M":"sale created : ","insert":"id : 2"}
{"L":"INFO","timestamp":"2025-07-05T22:10:47.223+0800","C":"repository/sale_repository.go:67","M":"sale created : ","insert":"id : 3"}
{"L":"INFO","timestamp":"2025-07-05T22:10:58.968+0800","C":"repository/sale_repository.go:67","M":"sale created : ","insert":"id : 4"}
{"L":"INFO","timestamp":"2025-07-05T22:11:09.984+0800","C":"repository/sale_repository.go:67","M":"sale created : ","insert":"id : 5"}
{"L":"INFO","timestamp":"2025-07-05T22:11:20.281+0800","C":"repository/sale_repository.go:67","M":"sale created : ","insert":"id : 6"}
{"L":"INFO","timestamp":"2025-07-05T22:11:29.736+0800","C":"repository/sale_repository.go:67","M":"sale created : ","insert":"id : 7"}
{"L":"INFO","timestamp":"2025-07-05T22:20:15.179+0800","C":"repository/user_repository.go:68","M":"user created : ","insert":"id : 1"}
{"L":"INFO","timestamp":"2025-07-05T22:20:52.369+0800","C":"repository/user_repository.go:68","M":"user created : ","insert":"id : 2"}
{"L":"INFO","timestamp":"2025-07-05T22:22:32.021+0800","C":"repository/user_repository.go:68","M":"user created : ","insert":"id : 3"}
{"L":"INFO","timestamp":"2025-07-05T22:23:23.431+0800","C":"repository/user_repository.go:68","M":"user created : ","insert":"id : 4"}
{"L":"INFO","timestamp":"2025-07-05T22:23:42.564+0800","C":"repository/user_repository.go:82","M":"user deleted : ","delete":"id : 4"}
